-------------------------------------------------
The trace creation timestamp is: Sat Oct 29 11:11:18 22
The executable build timestamp is: Wed Jul 01 14:35:53 20
The datecode is: 2020154
The pro machine type is: x86e_win64
The process ID is: 10036
The traceback type is : CRASH
The logger exit status is: 00003
The Trail is: 0
The release is: 7.0
The product version is: 7.0.1.0
The product title is: Creo Render Studio
-------------------------------------------------
Exception EXCEPTION_ACCESS_VIOLATION has occurred in the thread 7568.

Main Thread 7568
=====================
0x00007FF7221E99F1	NULL (NULL:0) (xtop:0x00007FF71B3C0000) ( 0x0, 0xf73b2318, 0xf6fd8340, 0x3e9 ) 
0x00007FF7221CA129	NULL (NULL:0) (xtop:0x00007FF71B3C0000) ( 0xcb9166a8, 0x0, 0xcb208fa0, 0xcb92c3a8 ) 
0x00007FF7221CA37B	NULL (NULL:0) (xtop:0x00007FF71B3C0000) ( 0xcb9166a8, 0x0, 0xcb208fa0, 0xbeba21d0 ) 
0x00007FFAF6FD8B7A	NULL (NULL:0) (uitools_sh:0x00007FFAF6F60000) ( 0x2740fec8, 0x2740fec8, 0xcb058c70, 0xcb058c98 ) 
0x00007FFAF6FD6559	NULL (NULL:0) (uitools_sh:0x00007FFAF6F60000) ( 0x2740fec8, 0xcb208fa0, 0xcb208fa0, 0x1c27ed00 ) 
0x00007FFAF6FD641A	NULL (NULL:0) (uitools_sh:0x00007FFAF6F60000) ( 0x2740fec8, 0xe2fadcd0, 0x1, 0x1 ) 
0x00007FF71C288055	NULL (NULL:0) (xtop:0x00007FF71B3C0000) ( 0x0, 0xe2fadcd0, 0x1, 0x0 ) 
0x00007FF71C26CFC5	NULL (NULL:0) (xtop:0x00007FF71B3C0000) ( 0x1c277450, 0x1, 0xbf611b80, 0x0 ) 
0x00007FF71C288167	NULL (NULL:0) (xtop:0x00007FF71B3C0000) ( 0x0, 0x0, 0xc0620, 0x1 ) 
0x00007FF723E2EA9B	NULL (NULL:0) (xtop:0x00007FF71B3C0000) ( 0x4, 0x0, 0x4, 0x0 ) 
0x00007FF723E27F04	NULL (NULL:0) (xtop:0x00007FF71B3C0000) ( 0x1, 0xe2faf670, 0xbe2fe028, 0x0 ) 
0x00007FF723E27FFA	NULL (NULL:0) (xtop:0x00007FF71B3C0000) ( 0xbe2fe028, 0x23e27f70, 0xbbfc55b8, 0xe2faf9b0 ) 
0x00007FFB162ECD2C	NULL (NULL:0) (libui_sh:0x00007FFB160C0000) ( 0xbe2fe028, 0x23e27f70, 0xe2faf9b0, 0x0 ) 
0x00007FFB162EE6CF	NULL (NULL:0) (libui_sh:0x00007FFB160C0000) ( 0x23e27f70, 0x0, 0x0, 0x0 ) 
0x00007FFB160DDBDD	NULL (NULL:0) (libui_sh:0x00007FFB160C0000) ( 0xa, 0x4, 0xbe2fe028, 0x0 ) 
0x00007FF723E25582	NULL (NULL:0) (xtop:0x00007FF71B3C0000) ( 0x0, 0x0, 0x0, 0x0 ) 
0x00007FFB32E17034	NULL (NULL:0) (KERNEL32:0x00007FFB32E00000) ( 0x0, 0x0, 0x0, 0x0 ) 

Thread 12908
=====================
0x00007FFB33410994	NULL (NULL:0) (ntdll:0x00007FFB33370000) ( 0x0, 0x0, 0xbba763f0, 0xbba7a430 ) 
0x00007FFB333C2DC7	NULL (NULL:0) (ntdll:0x00007FFB33370000) ( 0x0, 0x0, 0x0, 0x0 ) 
0x00007FFB32E17034	NULL (NULL:0) (KERNEL32:0x00007FFB32E00000) ( 0x0, 0x0, 0x0, 0x0 ) 

Thread 8872
=====================
0x00007FFB33410994	NULL (NULL:0) (ntdll:0x00007FFB33370000) ( 0x0, 0x0, 0xbba763f0, 0xbba7ea20 ) 
0x00007FFB333C2DC7	NULL (NULL:0) (ntdll:0x00007FFB33370000) ( 0x0, 0x0, 0x0, 0x0 ) 
0x00007FFB32E17034	NULL (NULL:0) (KERNEL32:0x00007FFB32E00000) ( 0x0, 0x0, 0x0, 0x0 ) 

Thread 3808
=====================
0x00007FFB33410994	NULL (NULL:0) (ntdll:0x00007FFB33370000) ( 0x0, 0x0, 0xbba763f0, 0xbba7f160 ) 
0x00007FFB333C2DC7	NULL (NULL:0) (ntdll:0x00007FFB33370000) ( 0x0, 0x0, 0x0, 0x0 ) 
0x00007FFB32E17034	NULL (NULL:0) (KERNEL32:0x00007FFB32E00000) ( 0x0, 0x0, 0x0, 0x0 ) 

Thread 11220
=====================
0x00007FFB3340CFC4	NULL (NULL:0) (ntdll:0x00007FFB33370000) ( 0xbe33ccf0, 0xbf5601c0, 0x1, 0x0 ) 
0x00007FFB30E51ACE	NULL (NULL:0) (KERNELBASE:0x00007FFB30E30000) ( 0x3, 0x0, 0x0, 0xd9c ) 
0x00007FFAF7ACC54C	NULL (NULL:0) (baselibmt:0x00007FFAF7A90000) ( 0x0, 0x0, 0x0, 0x60c ) 
0x00007FFB15C16331	NULL (NULL:0) (coreutils_sh:0x00007FFB15C00000) ( 0x0, 0x0, 0x0, 0x0 ) 
0x00007FFAF7B97AD2	NULL (NULL:0) (baselibmt:0x00007FFAF7A90000) ( 0xbba98300, 0x0, 0xbbf502d0, 0x7fffffff ) 
0x00007FFB30C21BB2	NULL (NULL:0) (ucrtbase:0x00007FFB30C00000) ( 0x0, 0x0, 0x0, 0x0 ) 
0x00007FFB32E17034	NULL (NULL:0) (KERNEL32:0x00007FFB32E00000) ( 0x0, 0x0, 0x0, 0x0 ) 

Thread 704
=====================
0x00007FFB33410994	NULL (NULL:0) (ntdll:0x00007FFB33370000) ( 0x0, 0x0, 0xbc022440, 0x0 ) 
0x00007FFB333C2DC7	NULL (NULL:0) (ntdll:0x00007FFB33370000) ( 0x0, 0x0, 0x0, 0x0 ) 
0x00007FFB32E17034	NULL (NULL:0) (KERNEL32:0x00007FFB32E00000) ( 0x0, 0x0, 0x0, 0x0 ) 

Thread 12560
=====================
0x00007FFB3340DA94	NULL (NULL:0) (ntdll:0x00007FFB33370000) ( 0x0, 0x0, 0x0, 0x0 ) 
0x00007FFB30E7CBC0	NULL (NULL:0) (KERNELBASE:0x00007FFB30E30000) ( 0x0, 0x0, 0xbbfe32b0, 0x0 ) 
0x00007FFB3111BF87	NULL (NULL:0) (CRYPT32:0x00007FFB31100000) ( 0x0, 0x0, 0x0, 0x0 ) 
0x00007FFB32E17034	NULL (NULL:0) (KERNEL32:0x00007FFB32E00000) ( 0x0, 0x0, 0x0, 0x0 ) 

Thread 3796
=====================
0x00007FFB33410994	NULL (NULL:0) (ntdll:0x00007FFB33370000) ( 0x0, 0xbbab4060, 0xbe94c2e0, 0xbba7fc40 ) 
0x00007FFB333C2DC7	NULL (NULL:0) (ntdll:0x00007FFB33370000) ( 0x0, 0x0, 0x0, 0x0 ) 
0x00007FFB32E17034	NULL (NULL:0) (KERNEL32:0x00007FFB32E00000) ( 0x0, 0x0, 0x0, 0x0 ) 

Thread 5308
=====================
0x00007FFB33410994	NULL (NULL:0) (ntdll:0x00007FFB33370000) ( 0x10007, 0x1, 0x1, 0xbba7ffe0 ) 
0x00007FFB333C2DC7	NULL (NULL:0) (ntdll:0x00007FFB33370000) ( 0x0, 0x0, 0x0, 0x0 ) 
0x00007FFB32E17034	NULL (NULL:0) (KERNEL32:0x00007FFB32E00000) ( 0x0, 0x0, 0x0, 0x0 ) 

Thread 6700
=====================
0x00007FFB3340CFC4	NULL (NULL:0) (ntdll:0x00007FFB33370000) ( 0x0, 0xbea6ba60, 0x1, 0x0 ) 
0x00007FFB30E51ACE	NULL (NULL:0) (KERNELBASE:0x00007FFB30E30000) ( 0xbf741080, 0x19, 0x0, 0xaf4 ) 
0x00007FFAE9E462AA	NULL (NULL:0) (nvoglv64:0x00007FFAE9080000) ( 0x103, 0xbfc9fdc8, 0xbfc9fdc8, 0xbf741080 ) 
0x00007FFAE9BD057C	NULL (NULL:0) (nvoglv64:0x00007FFAE9080000) ( 0xbfca0280, 0xbfca0280, 0x0, 0x0 ) 
0x00007FFAE9BCFF54	NULL (NULL:0) (nvoglv64:0x00007FFAE9080000) ( 0xbfca0280, 0x0, 0x0, 0x0 ) 
0x00007FFAE9E476E8	NULL (NULL:0) (nvoglv64:0x00007FFAE9080000) ( 0x0, 0x0, 0x0, 0x0 ) 
0x00007FFB32E17034	NULL (NULL:0) (KERNEL32:0x00007FFB32E00000) ( 0x0, 0x0, 0x0, 0x0 ) 

Thread 5792
=====================
0x00007FFB3340DA94	NULL (NULL:0) (ntdll:0x00007FFB33370000) ( 0x0, 0x0, 0x0, 0x0 ) 
0x00007FFB30E7CBC0	NULL (NULL:0) (KERNELBASE:0x00007FFB30E30000) ( 0x0, 0x0, 0x33890180, 0x0 ) 
0x00007FFB30E7CABE	NULL (NULL:0) (KERNELBASE:0x00007FFB30E30000) ( 0x0, 0x0, 0x0, 0x0 ) 
0x00007FFAE9E7BA07	NULL (NULL:0) (nvoglv64:0x00007FFAE9080000) ( 0x33890180, 0x0, 0x0, 0x0 ) 
0x00007FFAE9E7AFCB	NULL (NULL:0) (nvoglv64:0x00007FFAE9080000) ( 0x0, 0x0, 0x0, 0x0 ) 
0x00007FFB32E17034	NULL (NULL:0) (KERNEL32:0x00007FFB32E00000) ( 0x0, 0x0, 0x0, 0x0 ) 

Thread 1204
=====================
0x00007FFB3340F254	NULL (NULL:0) (ntdll:0x00007FFB33370000) ( 0x0, 0x0, 0xeaaafe28, 0x0 ) 
0x00007FFB30E625E0	NULL (NULL:0) (KERNELBASE:0x00007FFB30E30000) ( 0x0, 0x0, 0x0, 0x0 ) 
0x00007FFB16298E8E	NULL (NULL:0) (libui_sh:0x00007FFB160C0000) ( 0x4, 0x0, 0x4, 0xbebec528 ) 
0x00007FFB32E17034	NULL (NULL:0) (KERNEL32:0x00007FFB32E00000) ( 0x0, 0x0, 0x0, 0x0 ) 

Thread 6564
=====================
0x00007FFB33410994	NULL (NULL:0) (ntdll:0x00007FFB33370000) ( 0xbba732b8, 0xbba732b8, 0xbba70b50, 0xbba80380 ) 
0x00007FFB333C2DC7	NULL (NULL:0) (ntdll:0x00007FFB33370000) ( 0x0, 0x0, 0x0, 0x0 ) 
0x00007FFB32E17034	NULL (NULL:0) (KERNEL32:0x00007FFB32E00000) ( 0x0, 0x0, 0x0, 0x0 ) 

Thread 7664
=====================
0x00007FFB33410994	NULL (NULL:0) (ntdll:0x00007FFB33370000) ( 0xbba732b8, 0xbba732b8, 0xbba70b50, 0xbf229ae0 ) 
0x00007FFB333C2DC7	NULL (NULL:0) (ntdll:0x00007FFB33370000) ( 0x0, 0x0, 0x0, 0x0 ) 
0x00007FFB32E17034	NULL (NULL:0) (KERNEL32:0x00007FFB32E00000) ( 0x0, 0x0, 0x0, 0x0 ) 

Thread 6188
=====================
0x00007FFB3340DA94	NULL (NULL:0) (ntdll:0x00007FFB33370000) ( 0x7612634, 0x33387955, 0x334dc4d0, 0xe2770000 ) 
0x00007FFB30E7CBC0	NULL (NULL:0) (KERNELBASE:0x00007FFB30E30000) ( 0x0, 0x0, 0x0, 0x0 ) 
0x00007FFB3238B776	NULL (NULL:0) (combase:0x00007FFB32350000) ( 0x0, 0x0, 0xbf262290, 0x323f5121 ) 
0x00007FFB3238B5F0	NULL (NULL:0) (combase:0x00007FFB32350000) ( 0xffffffff, 0xbeb3a790, 0x0, 0x0 ) 
0x00007FFB3238B400	NULL (NULL:0) (combase:0x00007FFB32350000) ( 0x0, 0x0, 0x0, 0x0 ) 
0x00007FFB3238B389	NULL (NULL:0) (combase:0x00007FFB32350000) ( 0x0, 0x0, 0x0, 0x0 ) 
0x00007FFB32E17034	NULL (NULL:0) (KERNEL32:0x00007FFB32E00000) ( 0x0, 0x0, 0x0, 0x0 ) 

Thread 7616
=====================
0x00007FFB3340D064	NULL (NULL:0) (ntdll:0x00007FFB33370000) ( 0x0, 0x0, 0x1, 0x30250000 ) 
0x00007FFB302510AB	NULL (NULL:0) (mswsock:0x00007FFB30250000) ( 0x3025d620, 0xbf273d40, 0x0, 0x0 ) 
0x00007FFB32E17034	NULL (NULL:0) (KERNEL32:0x00007FFB32E00000) ( 0x0, 0x0, 0x0, 0x0 ) 

Thread 5264
=====================
0x00007FFB31371104	NULL (NULL:0) (win32u:0x00007FFB31370000) ( 0x0, 0x0, 0x0, 0x0 ) 
0x00007FFB318C86C6	NULL (NULL:0) (USER32:0x00007FFB318A0000) ( 0x0, 0x0, 0x0, 0x0 ) 
0x00007FF72221A2C3	NULL (NULL:0) (xtop:0x00007FF71B3C0000) ( 0x0, 0x0, 0x0, 0x0 ) 
0x00007FFB32E17034	NULL (NULL:0) (KERNEL32:0x00007FFB32E00000) ( 0x0, 0x0, 0x0, 0x0 ) 

Thread 11248
=====================
0x00007FFB3340D5C4	NULL (NULL:0) (ntdll:0x00007FFB33370000) ( 0xef78ed48, 0x33386777, 0xef78ed10, 0x1 ) 
0x00007FFB30E796DE	NULL (NULL:0) (KERNELBASE:0x00007FFB30E30000) ( 0x2734, 0x0, 0xc00000bb, 0x0 ) 
0x00007FFAE9E69D30	NULL (NULL:0) (nvoglv64:0x00007FFAE9080000) ( 0x0, 0x2734, 0x0, 0x0 ) 
0x00007FFB32E17034	NULL (NULL:0) (KERNEL32:0x00007FFB32E00000) ( 0x0, 0x0, 0x0, 0x0 ) 

Thread 5140
=====================
0x00007FFB3137A104	NULL (NULL:0) (win32u:0x00007FFB31370000) ( 0x0, 0x30e987fb, 0x0, 0xe9080000 ) 
0x00007FFB318C078E	NULL (NULL:0) (USER32:0x00007FFB318A0000) ( 0x0, 0xeff3fb70, 0x0, 0xbf21adf0 ) 
0x00007FFAE9E3EACF	NULL (NULL:0) (nvoglv64:0x00007FFAE9080000) ( 0x0, 0x0, 0x0, 0x0 ) 
0x00007FFB32E17034	NULL (NULL:0) (KERNEL32:0x00007FFB32E00000) ( 0x0, 0x0, 0x0, 0x0 ) 
